<?xml version="1.0" encoding="UTF-8"?>
<robot generator="Robot 7.0 (Python 3.12.1 on win32)" generated="2024-02-11T12:40:36.343560" rpa="false" schemaversion="5">
<suite id="s1" name="Projeto-Final-Iqs" source="C:\Users\lelet\OneDrive\Documentos\IQS\Projeto Final\projeto-final-iqs">
<suite id="s1-s1" name="Tests" source="C:\Users\lelet\OneDrive\Documentos\IQS\Projeto Final\projeto-final-iqs\tests">
<suite id="s1-s1-s1" name="Test Companys" source="C:\Users\lelet\OneDrive\Documentos\IQS\Projeto Final\projeto-final-iqs\tests\test_companys.robot">
<test id="s1-s1-s1-t1" name="TC046 - Visualizar Serviços da Empresa" line="195">
<kw name="Open Browser for Navigation" owner="setup_teardown" type="SETUP">
<kw name="Open Browser" owner="SeleniumLibrary">
<msg time="2024-02-11T12:40:36.762902" level="INFO">Opening browser 'chrome' to base url 'http://sistemas.t2mlab.com:3006/'.</msg>
<arg>url=${URL}</arg>
<arg>browser=${BROWSER}</arg>
<doc>Opens a new browser instance to the optional ``url``.</doc>
<status status="PASS" start="2024-02-11T12:40:36.761905" elapsed="3.881700"/>
</kw>
<kw name="Maximize Browser Window" owner="SeleniumLibrary">
<doc>Maximizes current browser window.</doc>
<status status="PASS" start="2024-02-11T12:40:40.643605" elapsed="0.145471"/>
</kw>
<status status="PASS" start="2024-02-11T12:40:36.759912" elapsed="4.029164"/>
</kw>
<kw name="Realizar Login Válido Gestor" owner="login">
<kw name="Input Text" owner="SeleniumLibrary">
<msg time="2024-02-11T12:40:40.800048" level="INFO">Typing text 'Alan' into text field 'id:formBasicEmail'.</msg>
<arg>${LOGIN_PAGE.UsernameInput}</arg>
<arg>Alan</arg>
<doc>Types the given ``text`` into the text field identified by ``locator``.</doc>
<status status="PASS" start="2024-02-11T12:40:40.798065" elapsed="0.223142"/>
</kw>
<kw name="Input Password" owner="SeleniumLibrary">
<msg time="2024-02-11T12:40:41.024198" level="INFO">Typing password into text field 'id:formBasicPassword'.</msg>
<msg time="2024-02-11T12:40:41.071390" level="INFO">Temporally setting log level to: NONE</msg>
<arg>${LOGIN_PAGE.PasswordInput}</arg>
<arg>123</arg>
<doc>Types the given password into the text field identified by ``locator``.</doc>
<status status="PASS" start="2024-02-11T12:40:41.021207" elapsed="0.110421"/>
</kw>
<kw name="Click Element" owner="SeleniumLibrary">
<msg time="2024-02-11T12:40:41.133621" level="INFO">Clicking element 'css=.botao-default'.</msg>
<arg>${LOGIN_PAGE.LoginButton}</arg>
<doc>Click the element identified by ``locator``.</doc>
<status status="PASS" start="2024-02-11T12:40:41.132624" elapsed="0.065825"/>
</kw>
<status status="PASS" start="2024-02-11T12:40:40.793067" elapsed="0.405382"/>
</kw>
<kw name="Selecionar projeto" owner="login">
<kw name="Wait Until Element Is Enabled" owner="SeleniumLibrary">
<arg>${SELECT_PROJECT}</arg>
<arg>timeout=10s</arg>
<doc>Waits until the element ``locator`` is enabled.</doc>
<status status="PASS" start="2024-02-11T12:40:41.199445" elapsed="0.664648"/>
</kw>
<kw name="Click Element" owner="SeleniumLibrary">
<msg time="2024-02-11T12:40:41.865093" level="INFO">Clicking element 'css=.col-lg-3:nth-child(3) .MuiCardMedia-root'.</msg>
<arg>${SELECT_PROJECT}</arg>
<doc>Click the element identified by ``locator``.</doc>
<status status="PASS" start="2024-02-11T12:40:41.865093" elapsed="0.085537"/>
</kw>
<status status="PASS" start="2024-02-11T12:40:41.199445" elapsed="0.751185"/>
</kw>
<kw name="Clicar em empresa" owner="companys">
<kw name="Click Element" owner="SeleniumLibrary">
<msg time="2024-02-11T12:40:41.952625" level="INFO">Clicking element 'xpath=//*[@id="root"]/div[1]/div/div[2]/div/div/div/div[2]/div[3]/div/div/div/a/div/button'.</msg>
<arg>${SELECT_COMPANY}</arg>
<doc>Click the element identified by ``locator``.</doc>
<status status="PASS" start="2024-02-11T12:40:41.952625" elapsed="0.096084"/>
</kw>
<status status="PASS" start="2024-02-11T12:40:41.951625" elapsed="0.098081"/>
</kw>
<kw name="E clicar em buscar empresa" owner="companys">
<kw name="Click Element" owner="SeleniumLibrary">
<msg time="2024-02-11T12:40:42.051701" level="INFO">Clicking element 'xpath=//button[.='Buscar Empresa']'.</msg>
<arg>${SEARCH_COMPANY}</arg>
<doc>Click the element identified by ``locator``.</doc>
<status status="PASS" start="2024-02-11T12:40:42.050703" elapsed="0.100733"/>
</kw>
<status status="PASS" start="2024-02-11T12:40:42.049706" elapsed="0.101730"/>
</kw>
<kw name="Clicar no ícone de detalhes" owner="services">
<kw name="Wait Until Element Is Visible" owner="SeleniumLibrary">
<arg>${DETAIL_ICON}</arg>
<arg>timeout=5s</arg>
<doc>Waits until the element ``locator`` is visible.</doc>
<status status="PASS" start="2024-02-11T12:40:42.154441" elapsed="0.327608"/>
</kw>
<kw name="Click Element" owner="SeleniumLibrary">
<msg time="2024-02-11T12:40:42.484045" level="INFO">Clicking element 'css=tbody &gt; tr:nth-of-type(1) svg:nth-of-type(1)'.</msg>
<arg>${DETAIL_ICON}</arg>
<doc>Click the element identified by ``locator``.</doc>
<status status="PASS" start="2024-02-11T12:40:42.483048" elapsed="0.204009"/>
</kw>
<status status="PASS" start="2024-02-11T12:40:42.152432" elapsed="0.534625"/>
</kw>
<kw name="Clicar em visualizar serviços" owner="companys">
<kw name="Wait Until Element Is Enabled" owner="SeleniumLibrary">
<arg>${VIEW_SERVICE}</arg>
<arg>timeout=5s</arg>
<doc>Waits until the element ``locator`` is enabled.</doc>
<status status="PASS" start="2024-02-11T12:40:42.689052" elapsed="0.029920"/>
</kw>
<kw name="Click Element" owner="SeleniumLibrary">
<msg time="2024-02-11T12:40:42.718972" level="INFO">Clicking element 'xpath=//strong[contains(.,'Visualizar Serviços')]'.</msg>
<arg>${VIEW_SERVICE}</arg>
<doc>Click the element identified by ``locator``.</doc>
<status status="PASS" start="2024-02-11T12:40:42.718972" elapsed="0.065557"/>
</kw>
<status status="PASS" start="2024-02-11T12:40:42.688055" elapsed="0.096474"/>
</kw>
<kw name="Close your Browser" owner="setup_teardown" type="TEARDOWN">
<kw name="Sleep" owner="BuiltIn">
<msg time="2024-02-11T12:40:44.787170" level="INFO">Slept 2 seconds.</msg>
<arg>time_=2s</arg>
<doc>Pauses the test executed for the given time.</doc>
<status status="PASS" start="2024-02-11T12:40:42.785526" elapsed="2.002642"/>
</kw>
<kw name="Close Browser" owner="SeleniumLibrary">
<doc>Closes the current browser.</doc>
<status status="PASS" start="2024-02-11T12:40:44.788168" elapsed="2.264312"/>
</kw>
<status status="PASS" start="2024-02-11T12:40:42.785526" elapsed="4.266954"/>
</kw>
<status status="PASS" start="2024-02-11T12:40:36.755924" elapsed="10.297559"/>
</test>
<status status="PASS" start="2024-02-11T12:40:36.386602" elapsed="10.668875"/>
</suite>
<status status="PASS" start="2024-02-11T12:40:36.381234" elapsed="10.677235"/>
</suite>
<status status="PASS" start="2024-02-11T12:40:36.350138" elapsed="10.712321"/>
</suite>
<statistics>
<total>
<stat pass="1" fail="0" skip="0">All Tests</stat>
</total>
<tag>
</tag>
<suite>
<stat pass="1" fail="0" skip="0" id="s1" name="Projeto-Final-Iqs">Projeto-Final-Iqs</stat>
<stat pass="1" fail="0" skip="0" id="s1-s1" name="Tests">Projeto-Final-Iqs.Tests</stat>
<stat pass="1" fail="0" skip="0" id="s1-s1-s1" name="Test Companys">Projeto-Final-Iqs.Tests.Test Companys</stat>
</suite>
</statistics>
<errors>
</errors>
</robot>
