<?xml version="1.0" encoding="UTF-8"?>
<robot generator="Robot 7.0 (Python 3.12.1 on win32)" generated="2024-02-12T23:00:29.343861" rpa="false" schemaversion="5">
<suite id="s1" name="Projeto-Final-Iqs" source="C:\Users\lelet\OneDrive\Documentos\IQS\Projeto Final\projeto-final-iqs">
<suite id="s1-s1" name="Tests" source="C:\Users\lelet\OneDrive\Documentos\IQS\Projeto Final\projeto-final-iqs\tests">
<suite id="s1-s1-s1" name="Test Companys" source="C:\Users\lelet\OneDrive\Documentos\IQS\Projeto Final\projeto-final-iqs\tests\test_companys.robot">
<test id="s1-s1-s1-t1" name="TC048 - Filtrar Busca por Serviços da Empresa" line="216">
<kw name="Open Browser for Navigation" owner="setup_teardown" type="SETUP">
<kw name="Open Browser" owner="SeleniumLibrary">
<msg time="2024-02-12T23:00:29.681689" level="INFO">Opening browser 'chrome' to base url 'http://sistemas.t2mlab.com:3006/'.</msg>
<arg>url=${URL}</arg>
<arg>browser=${BROWSER}</arg>
<doc>Opens a new browser instance to the optional ``url``.</doc>
<status status="PASS" start="2024-02-12T23:00:29.681689" elapsed="11.526561"/>
</kw>
<kw name="Maximize Browser Window" owner="SeleniumLibrary">
<doc>Maximizes current browser window.</doc>
<status status="PASS" start="2024-02-12T23:00:41.209248" elapsed="0.432869"/>
</kw>
<status status="PASS" start="2024-02-12T23:00:29.681689" elapsed="11.960428"/>
</kw>
<kw name="Realizar Login Válido Gestor" owner="login">
<kw name="Input Text" owner="SeleniumLibrary">
<msg time="2024-02-12T23:00:41.658776" level="INFO">Typing text 'Alan' into text field 'id:formBasicEmail'.</msg>
<arg>${LOGIN_PAGE.UsernameInput}</arg>
<arg>Alan</arg>
<doc>Types the given ``text`` into the text field identified by ``locator``.</doc>
<status status="PASS" start="2024-02-12T23:00:41.658776" elapsed="3.547351"/>
</kw>
<kw name="Input Password" owner="SeleniumLibrary">
<msg time="2024-02-12T23:00:45.210431" level="INFO">Typing password into text field 'id:formBasicPassword'.</msg>
<msg time="2024-02-12T23:00:45.243431" level="INFO">Temporally setting log level to: NONE</msg>
<arg>${LOGIN_PAGE.PasswordInput}</arg>
<arg>123</arg>
<doc>Types the given password into the text field identified by ``locator``.</doc>
<status status="PASS" start="2024-02-12T23:00:45.206127" elapsed="0.107213"/>
</kw>
<kw name="Click Element" owner="SeleniumLibrary">
<msg time="2024-02-12T23:00:45.313340" level="INFO">Clicking element 'css=.botao-default'.</msg>
<arg>${LOGIN_PAGE.LoginButton}</arg>
<doc>Click the element identified by ``locator``.</doc>
<status status="PASS" start="2024-02-12T23:00:45.313340" elapsed="0.290679"/>
</kw>
<status status="PASS" start="2024-02-12T23:00:41.658776" elapsed="3.945243"/>
</kw>
<kw name="Selecionar projeto" owner="login">
<kw name="Wait Until Element Is Enabled" owner="SeleniumLibrary">
<arg>${SELECT_PROJECT}</arg>
<arg>timeout=10s</arg>
<doc>Waits until the element ``locator`` is enabled.</doc>
<status status="PASS" start="2024-02-12T23:00:45.604019" elapsed="3.825002"/>
</kw>
<kw name="Click Element" owner="SeleniumLibrary">
<msg time="2024-02-12T23:00:49.429021" level="INFO">Clicking element 'css=.col-lg-3:nth-child(3) .MuiCardMedia-root'.</msg>
<arg>${SELECT_PROJECT}</arg>
<doc>Click the element identified by ``locator``.</doc>
<status status="PASS" start="2024-02-12T23:00:49.429021" elapsed="0.107472"/>
</kw>
<status status="PASS" start="2024-02-12T23:00:45.604019" elapsed="3.933471"/>
</kw>
<kw name="Clicar em empresa" owner="companys">
<kw name="Click Element" owner="SeleniumLibrary">
<msg time="2024-02-12T23:00:49.547411" level="INFO">Clicking element 'xpath=//*[@id="root"]/div[1]/div/div[2]/div/div/div/div[2]/div[3]/div/div/div/a/div/button'.</msg>
<arg>${SELECT_COMPANY}</arg>
<doc>Click the element identified by ``locator``.</doc>
<status status="PASS" start="2024-02-12T23:00:49.546356" elapsed="0.089555"/>
</kw>
<status status="PASS" start="2024-02-12T23:00:49.543473" elapsed="0.092438"/>
</kw>
<kw name="E clicar em buscar empresa" owner="companys">
<kw name="Click Element" owner="SeleniumLibrary">
<msg time="2024-02-12T23:00:49.639289" level="INFO">Clicking element 'xpath=//button[.='Buscar Empresa']'.</msg>
<arg>${SEARCH_COMPANY}</arg>
<doc>Click the element identified by ``locator``.</doc>
<status status="PASS" start="2024-02-12T23:00:49.638292" elapsed="0.093346"/>
</kw>
<status status="PASS" start="2024-02-12T23:00:49.637293" elapsed="0.094345"/>
</kw>
<kw name="Clicar no ícone de detalhes" owner="services">
<kw name="Wait Until Element Is Visible" owner="SeleniumLibrary">
<arg>${DETAIL_ICON}</arg>
<arg>timeout=5s</arg>
<doc>Waits until the element ``locator`` is visible.</doc>
<status status="PASS" start="2024-02-12T23:00:49.737620" elapsed="0.308581"/>
</kw>
<kw name="Click Element" owner="SeleniumLibrary">
<msg time="2024-02-12T23:00:50.046201" level="INFO">Clicking element 'css=tbody &gt; tr:nth-of-type(1) svg:nth-of-type(1)'.</msg>
<arg>${DETAIL_ICON}</arg>
<doc>Click the element identified by ``locator``.</doc>
<status status="PASS" start="2024-02-12T23:00:50.046201" elapsed="0.229303"/>
</kw>
<status status="PASS" start="2024-02-12T23:00:49.736631" elapsed="0.538873"/>
</kw>
<kw name="Clicar em visualizar serviços" owner="companys">
<kw name="Wait Until Element Is Enabled" owner="SeleniumLibrary">
<arg>${VIEW_SERVICE}</arg>
<arg>timeout=5s</arg>
<doc>Waits until the element ``locator`` is enabled.</doc>
<status status="PASS" start="2024-02-12T23:00:50.278846" elapsed="0.029767"/>
</kw>
<kw name="Click Element" owner="SeleniumLibrary">
<msg time="2024-02-12T23:00:50.309612" level="INFO">Clicking element 'xpath=//strong[contains(.,'Visualizar Serviços')]'.</msg>
<arg>${VIEW_SERVICE}</arg>
<doc>Click the element identified by ``locator``.</doc>
<status status="PASS" start="2024-02-12T23:00:50.308613" elapsed="0.078355"/>
</kw>
<status status="PASS" start="2024-02-12T23:00:50.276775" elapsed="0.110193"/>
</kw>
<kw name="Clicar no botão de adicionar" owner="services">
<kw name="Scroll Element Into View" owner="SeleniumLibrary">
<arg>${DEFAULT_BUTTON}</arg>
<doc>Scrolls the element identified by ``locator`` into view.</doc>
<status status="PASS" start="2024-02-12T23:00:50.388963" elapsed="0.307379"/>
</kw>
<kw name="Click Element" owner="SeleniumLibrary">
<msg time="2024-02-12T23:00:50.696342" level="INFO">Clicking element 'css=.sc-aXZVg &gt; .botao-default'.</msg>
<arg>${DEFAULT_BUTTON}</arg>
<doc>Click the element identified by ``locator``.</doc>
<status status="PASS" start="2024-02-12T23:00:50.696342" elapsed="0.068539"/>
</kw>
<status status="PASS" start="2024-02-12T23:00:50.387967" elapsed="0.377901"/>
</kw>
<kw name="Selecionar o que deseja vincular" owner="collaborators">
<kw name="Wait Until Element Is Visible" owner="SeleniumLibrary">
<arg>${ADD_COMPETENCE.OneExample}</arg>
<arg>timeout=5s</arg>
<doc>Waits until the element ``locator`` is visible.</doc>
<status status="PASS" start="2024-02-12T23:00:50.768860" elapsed="0.243269"/>
</kw>
<kw name="Click Element" owner="SeleniumLibrary">
<msg time="2024-02-12T23:00:51.012129" level="INFO">Clicking element 'css=tr:nth-of-type(2) [viewBox='0 0 512 512']'.</msg>
<arg>${ADD_COMPETENCE.OneExample}</arg>
<doc>Click the element identified by ``locator``.</doc>
<status status="PASS" start="2024-02-12T23:00:51.012129" elapsed="0.055349"/>
</kw>
<kw name="Click Element" owner="SeleniumLibrary">
<msg time="2024-02-12T23:00:51.067478" level="INFO">Clicking element 'css=tr:nth-of-type(4) [viewBox='0 0 512 512']'.</msg>
<arg>${ADD_COMPETENCE.TwoExample}</arg>
<doc>Click the element identified by ``locator``.</doc>
<status status="PASS" start="2024-02-12T23:00:51.067478" elapsed="0.056976"/>
</kw>
<kw name="Click Element" owner="SeleniumLibrary">
<msg time="2024-02-12T23:00:51.124454" level="INFO">Clicking element 'css=tr:nth-of-type(6) [viewBox='0 0 512 512']'.</msg>
<arg>${ADD_COMPETENCE.ThreeExample}</arg>
<doc>Click the element identified by ``locator``.</doc>
<status status="PASS" start="2024-02-12T23:00:51.124454" elapsed="0.051509"/>
</kw>
<status status="PASS" start="2024-02-12T23:00:50.767863" elapsed="0.408100"/>
</kw>
<kw name="Rolar a página" owner="companys">
<kw name="Scroll Element Into View" owner="SeleniumLibrary">
<arg>${DEFAULT_BUTTON}</arg>
<doc>Scrolls the element identified by ``locator`` into view.</doc>
<status status="PASS" start="2024-02-12T23:00:51.180267" elapsed="0.300141"/>
</kw>
<kw name="Scroll Element Into View" owner="SeleniumLibrary">
<arg>${BACK_PAGE}</arg>
<doc>Scrolls the element identified by ``locator`` into view.</doc>
<status status="PASS" start="2024-02-12T23:00:51.480408" elapsed="0.300652"/>
</kw>
<status status="PASS" start="2024-02-12T23:00:51.179268" elapsed="0.601792"/>
</kw>
<kw name="Clicar no botão &quot;salvar&quot;" owner="services">
<kw name="Click Element" owner="SeleniumLibrary">
<msg time="2024-02-12T23:00:51.781060" level="INFO">Clicking element 'xpath=//button[@class='botao-default btn btn-var(--verde-primario)']'.</msg>
<arg>${SAVE_BUTTON}</arg>
<doc>Click the element identified by ``locator``.</doc>
<status status="PASS" start="2024-02-12T23:00:51.781060" elapsed="0.077953"/>
</kw>
<status status="PASS" start="2024-02-12T23:00:51.781060" elapsed="0.077953"/>
</kw>
<kw name="Clicar no botão modal" owner="services">
<kw name="Click Element" owner="SeleniumLibrary">
<msg time="2024-02-12T23:00:51.864123" level="INFO">Clicking element 'css=.hDPZGJ &gt; .botao-default'.</msg>
<arg>${MODAL_BUTTON}</arg>
<doc>Click the element identified by ``locator``.</doc>
<status status="PASS" start="2024-02-12T23:00:51.863125" elapsed="0.070516"/>
</kw>
<status status="PASS" start="2024-02-12T23:00:51.859013" elapsed="0.074628"/>
</kw>
<kw name="Checar mensagem de sucesso" owner="services">
<kw name="Wait Until Element Is Visible" owner="SeleniumLibrary">
<arg>${SUCCESS_ELEMENT}</arg>
<doc>Waits until the element ``locator`` is visible.</doc>
<status status="PASS" start="2024-02-12T23:00:51.933641" elapsed="0.447093"/>
</kw>
<kw name="Element Should Be Visible" owner="SeleniumLibrary">
<msg time="2024-02-12T23:00:52.412476" level="INFO">Element 'css=.Toastify__toast--success' is displayed.</msg>
<arg>${SUCCESS_ELEMENT}</arg>
<doc>Verifies that the element identified by ``locator`` is visible.</doc>
<status status="PASS" start="2024-02-12T23:00:52.396363" elapsed="0.016113"/>
</kw>
<status status="PASS" start="2024-02-12T23:00:51.933641" elapsed="0.478835"/>
</kw>
<kw name="E pegar o nome do primeiro item da lista" owner="companys">
<kw name="Wait Until Element Is Enabled" owner="SeleniumLibrary">
<arg>${TABLE_LOCATOR}</arg>
<doc>Waits until the element ``locator`` is enabled.</doc>
<status status="PASS" start="2024-02-12T23:00:52.412476" elapsed="0.022661"/>
</kw>
<kw name="Get Text" owner="SeleniumLibrary">
<msg time="2024-02-12T23:00:52.646448" level="INFO">${FIRST_ITEM} = Teste2024</msg>
<var>${FIRST_ITEM}</var>
<arg>${TABLE_LOCATOR}//tbody/tr[1]/td[1]</arg>
<doc>Returns the text value of the element identified by ``locator``.</doc>
<status status="PASS" start="2024-02-12T23:00:52.435137" elapsed="0.211311"/>
</kw>
<kw name="Set Global Variable" owner="BuiltIn">
<msg time="2024-02-12T23:00:52.663510" level="INFO">${FIRST_ITEM} = Teste2024</msg>
<arg>${FIRST_ITEM}</arg>
<doc>Makes a variable available globally in all tests and suites.</doc>
<status status="PASS" start="2024-02-12T23:00:52.646448" elapsed="0.017062"/>
</kw>
<status status="PASS" start="2024-02-12T23:00:52.412476" elapsed="0.251689"/>
</kw>
<kw name="Rolar a página" owner="companys">
<kw name="Scroll Element Into View" owner="SeleniumLibrary">
<arg>${DEFAULT_BUTTON}</arg>
<doc>Scrolls the element identified by ``locator`` into view.</doc>
<status status="PASS" start="2024-02-12T23:00:52.664165" elapsed="0.300826"/>
</kw>
<kw name="Scroll Element Into View" owner="SeleniumLibrary">
<arg>${BACK_PAGE}</arg>
<doc>Scrolls the element identified by ``locator`` into view.</doc>
<status status="PASS" start="2024-02-12T23:00:52.964991" elapsed="0.299835"/>
</kw>
<status status="PASS" start="2024-02-12T23:00:52.664165" elapsed="0.601659"/>
</kw>
<kw name="Clicar no botão de voltar" owner="companys">
<kw name="Wait Until Element Is Enabled" owner="SeleniumLibrary">
<arg>${BACK_PAGE}</arg>
<arg>timeout=5s</arg>
<doc>Waits until the element ``locator`` is enabled.</doc>
<status status="PASS" start="2024-02-12T23:00:53.266822" elapsed="0.020940"/>
</kw>
<kw name="Click Element" owner="SeleniumLibrary">
<msg time="2024-02-12T23:00:53.287762" level="INFO">Clicking element 'xpath=//button[@class='botao-default btn btn-var(--cinza-primario)']'.</msg>
<arg>${BACK_PAGE}</arg>
<doc>Click the element identified by ``locator``.</doc>
<status status="PASS" start="2024-02-12T23:00:53.287762" elapsed="0.078582"/>
</kw>
<status status="PASS" start="2024-02-12T23:00:53.266822" elapsed="0.100520"/>
</kw>
<kw name="E pesquisar o item coletado" owner="companys">
<kw name="Click Element" owner="SeleniumLibrary">
<msg time="2024-02-12T23:00:53.377151" level="INFO">Clicking element 'xpath=//input[@class='form-control']'.</msg>
<arg>${FILTER_INPUT}</arg>
<doc>Click the element identified by ``locator``.</doc>
<status status="PASS" start="2024-02-12T23:00:53.377151" elapsed="0.290343"/>
</kw>
<kw name="Input Text" owner="SeleniumLibrary">
<msg time="2024-02-12T23:00:53.667494" level="INFO">Typing text 'Teste2024' into text field 'xpath=//input[@class='form-control']'.</msg>
<arg>${FILTER_INPUT}</arg>
<arg>${SEARCH}</arg>
<doc>Types the given ``text`` into the text field identified by ``locator``.</doc>
<status status="PASS" start="2024-02-12T23:00:53.667494" elapsed="0.319466"/>
</kw>
<arg>SEARCH=${FIRST_ITEM}</arg>
<status status="PASS" start="2024-02-12T23:00:53.376154" elapsed="0.610806"/>
</kw>
<kw name="Verificar se há resultados" owner="collaborators">
<kw name="Run Keyword And Return Status" owner="BuiltIn">
<kw name="Element Should Be Visible" owner="SeleniumLibrary">
<msg time="2024-02-12T23:00:54.181797" level="INFO" html="true">&lt;/td&gt;&lt;/tr&gt;&lt;tr&gt;&lt;td colspan="3"&gt;&lt;a href="selenium-screenshot-1.png"&gt;&lt;img src="selenium-screenshot-1.png" width="800px"&gt;&lt;/a&gt;</msg>
<msg time="2024-02-12T23:00:54.181797" level="FAIL">Element with locator 'xpath=//table[@class='table table-striped table-hover']//tbody/tr[1]' not found.</msg>
<arg>${TABLE_LOCATOR}//tbody/tr[1]</arg>
<doc>Verifies that the element identified by ``locator`` is visible.</doc>
<status status="FAIL" start="2024-02-12T23:00:53.998988" elapsed="0.331297">Element with locator 'xpath=//table[@class='table table-striped table-hover']//tbody/tr[1]' not found.</status>
</kw>
<msg time="2024-02-12T23:00:54.330285" level="INFO">${element_visible} = False</msg>
<var>${element_visible}</var>
<arg>Element Should Be Visible</arg>
<arg>${TABLE_LOCATOR}//tbody/tr[1]</arg>
<doc>Runs the given keyword with given arguments and returns the status as a Boolean value.</doc>
<status status="PASS" start="2024-02-12T23:00:53.997989" elapsed="0.332296"/>
</kw>
<if>
<branch type="IF" condition="'${element_visible}' == 'False'">
<kw name="Fail" owner="BuiltIn">
<msg time="2024-02-12T23:00:54.346758" level="FAIL">Nenhum resultado obtido!</msg>
<arg>Nenhum resultado obtido!</arg>
<doc>Fails the test with the given message and optionally alters its tags.</doc>
<status status="FAIL" start="2024-02-12T23:00:54.346758" elapsed="0.000000">Nenhum resultado obtido!</status>
</kw>
<status status="FAIL" start="2024-02-12T23:00:54.330285" elapsed="0.016473">Nenhum resultado obtido!</status>
</branch>
<branch type="ELSE">
<kw name="Log To Console" owner="BuiltIn">
<arg>\nTudo certo! Há itens na lista!</arg>
<doc>Logs the given message to the console.</doc>
<status status="NOT RUN" start="2024-02-12T23:00:54.346758" elapsed="0.000000"/>
</kw>
<status status="NOT RUN" start="2024-02-12T23:00:54.346758" elapsed="0.000000"/>
</branch>
<status status="FAIL" start="2024-02-12T23:00:54.330285" elapsed="0.016473">Nenhum resultado obtido!</status>
</if>
<status status="FAIL" start="2024-02-12T23:00:53.986960" elapsed="0.359798">Nenhum resultado obtido!</status>
</kw>
<kw name="Close your Browser" owner="setup_teardown" type="TEARDOWN">
<kw name="Sleep" owner="BuiltIn">
<msg time="2024-02-12T23:00:56.347123" level="INFO">Slept 2 seconds.</msg>
<arg>time_=2s</arg>
<doc>Pauses the test executed for the given time.</doc>
<status status="PASS" start="2024-02-12T23:00:54.346758" elapsed="2.002670"/>
</kw>
<kw name="Close Browser" owner="SeleniumLibrary">
<doc>Closes the current browser.</doc>
<status status="PASS" start="2024-02-12T23:00:56.350471" elapsed="2.633139"/>
</kw>
<status status="PASS" start="2024-02-12T23:00:54.346758" elapsed="4.637057"/>
</kw>
<status status="FAIL" start="2024-02-12T23:00:29.681689" elapsed="29.302760">Nenhum resultado obtido!</status>
</test>
<status status="FAIL" start="2024-02-12T23:00:29.402854" elapsed="29.583769"/>
</suite>
<status status="FAIL" start="2024-02-12T23:00:29.402854" elapsed="29.586760"/>
</suite>
<status status="FAIL" start="2024-02-12T23:00:29.370739" elapsed="29.621868"/>
</suite>
<statistics>
<total>
<stat pass="0" fail="1" skip="0">All Tests</stat>
</total>
<tag>
</tag>
<suite>
<stat pass="0" fail="1" skip="0" id="s1" name="Projeto-Final-Iqs">Projeto-Final-Iqs</stat>
<stat pass="0" fail="1" skip="0" id="s1-s1" name="Tests">Projeto-Final-Iqs.Tests</stat>
<stat pass="0" fail="1" skip="0" id="s1-s1-s1" name="Test Companys">Projeto-Final-Iqs.Tests.Test Companys</stat>
</suite>
</statistics>
<errors>
</errors>
</robot>
