<?xml version="1.0" encoding="UTF-8"?>
<robot generator="Robot 7.0 (Python 3.12.1 on win32)" generated="2024-02-10T16:09:10.615067" rpa="false" schemaversion="5">
<suite id="s1" name="Projeto-Final-Iqs" source="C:\Users\lelet\OneDrive\Documentos\IQS\Projeto Final\projeto-final-iqs">
<suite id="s1-s1" name="Tests" source="C:\Users\lelet\OneDrive\Documentos\IQS\Projeto Final\projeto-final-iqs\tests">
<suite id="s1-s1-s1" name="Test Services" source="C:\Users\lelet\OneDrive\Documentos\IQS\Projeto Final\projeto-final-iqs\tests\test_services.robot">
<test id="s1-s1-s1-t1" name="TC023 - Cadastrar Serviço - Campos Obrigatórios" line="18">
<kw name="Open Browser for Navigation" owner="setup_teardown" type="SETUP">
<kw name="Open Browser" owner="SeleniumLibrary">
<msg time="2024-02-10T16:09:10.987046" level="INFO">Opening browser 'chrome' to base url 'http://sistemas.t2mlab.com:3006/'.</msg>
<arg>url=${URL}</arg>
<arg>browser=${BROWSER}</arg>
<doc>Opens a new browser instance to the optional ``url``.</doc>
<status status="PASS" start="2024-02-10T16:09:10.986015" elapsed="2.317728"/>
</kw>
<kw name="Maximize Browser Window" owner="SeleniumLibrary">
<doc>Maximizes current browser window.</doc>
<status status="PASS" start="2024-02-10T16:09:13.305751" elapsed="0.153515"/>
</kw>
<status status="PASS" start="2024-02-10T16:09:10.985015" elapsed="2.474251"/>
</kw>
<kw name="Realizar Login Válido Gestor" owner="login">
<kw name="Input Text" owner="SeleniumLibrary">
<msg time="2024-02-10T16:09:13.464252" level="INFO">Typing text 'Alan' into text field 'id:formBasicEmail'.</msg>
<arg>${LOGIN_PAGE.UsernameInput}</arg>
<arg>Alan</arg>
<doc>Types the given ``text`` into the text field identified by ``locator``.</doc>
<status status="PASS" start="2024-02-10T16:09:13.462257" elapsed="0.187510"/>
</kw>
<kw name="Input Password" owner="SeleniumLibrary">
<msg time="2024-02-10T16:09:13.651750" level="INFO">Typing password into text field 'id:formBasicPassword'.</msg>
<msg time="2024-02-10T16:09:13.691644" level="INFO">Temporally setting log level to: NONE</msg>
<arg>${LOGIN_PAGE.PasswordInput}</arg>
<arg>123</arg>
<doc>Types the given password into the text field identified by ``locator``.</doc>
<status status="PASS" start="2024-02-10T16:09:13.650753" elapsed="0.093749"/>
</kw>
<kw name="Click Element" owner="SeleniumLibrary">
<msg time="2024-02-10T16:09:13.745499" level="INFO">Clicking element 'css=.botao-default'.</msg>
<arg>${LOGIN_PAGE.LoginButton}</arg>
<doc>Click the element identified by ``locator``.</doc>
<status status="PASS" start="2024-02-10T16:09:13.744502" elapsed="0.056849"/>
</kw>
<status status="PASS" start="2024-02-10T16:09:13.460262" elapsed="0.342086"/>
</kw>
<kw name="Selecionar Projeto" owner="login">
<kw name="Wait Until Element Is Enabled" owner="SeleniumLibrary">
<arg>${SELECT_PROJECT}</arg>
<arg>timeout=10s</arg>
<doc>Waits until the element ``locator`` is enabled.</doc>
<status status="PASS" start="2024-02-10T16:09:13.803345" elapsed="0.472752"/>
</kw>
<kw name="Click Element" owner="SeleniumLibrary">
<msg time="2024-02-10T16:09:14.278090" level="INFO">Clicking element 'css=.col-lg-3:nth-child(3) .MuiCardMedia-root'.</msg>
<arg>${SELECT_PROJECT}</arg>
<doc>Click the element identified by ``locator``.</doc>
<status status="PASS" start="2024-02-10T16:09:14.277093" elapsed="0.086768"/>
</kw>
<status status="PASS" start="2024-02-10T16:09:13.802348" elapsed="0.561513"/>
</kw>
<kw name="Clicar em serviço" owner="services">
<kw name="Click Element" owner="SeleniumLibrary">
<msg time="2024-02-10T16:09:14.365856" level="INFO">Clicking element 'xpath=//button[.='Serviço']'.</msg>
<arg>${SELECT_SERVICE}</arg>
<doc>Click the element identified by ``locator``.</doc>
<status status="PASS" start="2024-02-10T16:09:14.365856" elapsed="0.117730"/>
</kw>
<status status="PASS" start="2024-02-10T16:09:14.364858" elapsed="0.118728"/>
</kw>
<kw name="Clicar em cadastrar serviço" owner="services">
<kw name="Click Element" owner="SeleniumLibrary">
<msg time="2024-02-10T16:09:14.486578" level="INFO">Clicking element 'xpath=//button[.='Cadastrar Serviço']'.</msg>
<arg>${CAD_SERVICE}</arg>
<doc>Click the element identified by ``locator``.</doc>
<status status="PASS" start="2024-02-10T16:09:14.485582" elapsed="0.081780"/>
</kw>
<status status="PASS" start="2024-02-10T16:09:14.484583" elapsed="0.082779"/>
</kw>
<kw name="Preencher campos nome &quot;Other test&quot; e descrição &quot;&quot;" owner="services" source_name="Preencher campos nome &quot;${NOME}&quot; e descrição &quot;${DESCRICAO}&quot;">
<kw name="Input Text" owner="SeleniumLibrary">
<msg time="2024-02-10T16:09:14.570355" level="INFO">Typing text 'Other test' into text field 'id=formBasicEmail'.</msg>
<arg>${FORM_INPUT}</arg>
<arg>${NOME}</arg>
<doc>Types the given ``text`` into the text field identified by ``locator``.</doc>
<status status="PASS" start="2024-02-10T16:09:14.569358" elapsed="0.178521"/>
</kw>
<kw name="Input Text" owner="SeleniumLibrary">
<msg time="2024-02-10T16:09:14.748878" level="INFO">Typing text '' into text field 'xpath=//textarea[@id='formBasicEmail']'.</msg>
<arg>${FORM_INPUT2}</arg>
<arg>${DESCRICAO}</arg>
<doc>Types the given ``text`` into the text field identified by ``locator``.</doc>
<status status="PASS" start="2024-02-10T16:09:14.747879" elapsed="0.097739"/>
</kw>
<status status="PASS" start="2024-02-10T16:09:14.568359" elapsed="0.278257"/>
</kw>
<kw name="Clicar no botão confirmar" owner="services">
<kw name="Click Element" owner="SeleniumLibrary">
<msg time="2024-02-10T16:09:14.848610" level="INFO">Clicking element 'css=.sc-aXZVg &gt; .botao-default'.</msg>
<arg>${DEFAULT_BUTTON}</arg>
<doc>Click the element identified by ``locator``.</doc>
<status status="PASS" start="2024-02-10T16:09:14.847613" elapsed="0.060838"/>
</kw>
<status status="PASS" start="2024-02-10T16:09:14.847613" elapsed="0.060838"/>
</kw>
<kw name="Verificar aviso de campo obrigatório" owner="services">
<kw name="Wait Until Element Is Enabled" owner="SeleniumLibrary">
<arg>${REQUIRED_FIELD}</arg>
<doc>Waits until the element ``locator`` is enabled.</doc>
<status status="PASS" start="2024-02-10T16:09:14.910445" elapsed="0.032912"/>
</kw>
<kw name="Element Should Be Visible" owner="SeleniumLibrary">
<msg time="2024-02-10T16:09:14.968291" level="INFO">Element 'xpath=//form[2]//div[@class='invalid-feedback']' is displayed.</msg>
<arg>${REQUIRED_FIELD}</arg>
<doc>Verifies that the element identified by ``locator`` is visible.</doc>
<status status="PASS" start="2024-02-10T16:09:14.944354" elapsed="0.023937"/>
</kw>
<status status="PASS" start="2024-02-10T16:09:14.909449" elapsed="0.059839"/>
</kw>
<kw name="Close your Browser" owner="setup_teardown" type="TEARDOWN">
<kw name="Sleep" owner="BuiltIn">
<msg time="2024-02-10T16:09:16.971922" level="INFO">Slept 2 seconds.</msg>
<arg>time_=2s</arg>
<doc>Pauses the test executed for the given time.</doc>
<status status="PASS" start="2024-02-10T16:09:14.970286" elapsed="2.001636"/>
</kw>
<kw name="Close Browser" owner="SeleniumLibrary">
<doc>Closes the current browser.</doc>
<status status="PASS" start="2024-02-10T16:09:16.971922" elapsed="2.227161"/>
</kw>
<status status="PASS" start="2024-02-10T16:09:14.970286" elapsed="4.228797"/>
</kw>
<status status="PASS" start="2024-02-10T16:09:10.982022" elapsed="8.218066"/>
</test>
<status status="PASS" start="2024-02-10T16:09:10.654997" elapsed="8.547085"/>
</suite>
<status status="PASS" start="2024-02-10T16:09:10.651006" elapsed="8.554068"/>
</suite>
<status status="PASS" start="2024-02-10T16:09:10.621348" elapsed="8.587126"/>
</suite>
<statistics>
<total>
<stat pass="1" fail="0" skip="0">All Tests</stat>
</total>
<tag>
</tag>
<suite>
<stat pass="1" fail="0" skip="0" id="s1" name="Projeto-Final-Iqs">Projeto-Final-Iqs</stat>
<stat pass="1" fail="0" skip="0" id="s1-s1" name="Tests">Projeto-Final-Iqs.Tests</stat>
<stat pass="1" fail="0" skip="0" id="s1-s1-s1" name="Test Services">Projeto-Final-Iqs.Tests.Test Services</stat>
</suite>
</statistics>
<errors>
</errors>
</robot>
