<?xml version="1.0" encoding="UTF-8"?>
<robot generator="Robot 7.0 (Python 3.12.1 on win32)" generated="2024-02-10T22:27:57.514844" rpa="false" schemaversion="5">
<suite id="s1" name="Projeto-Final-Iqs" source="C:\Users\lelet\OneDrive\Documentos\IQS\Projeto Final\projeto-final-iqs">
<suite id="s1-s1" name="Tests" source="C:\Users\lelet\OneDrive\Documentos\IQS\Projeto Final\projeto-final-iqs\tests">
<suite id="s1-s1-s1" name="Test Companys" source="C:\Users\lelet\OneDrive\Documentos\IQS\Projeto Final\projeto-final-iqs\tests\test_companys.robot">
<test id="s1-s1-s1-t1" name="TC033 - Cadastrar Empresa - Campos Obrigatórios" line="24">
<kw name="Open Browser for Navigation" owner="setup_teardown" type="SETUP">
<kw name="Open Browser" owner="SeleniumLibrary">
<msg time="2024-02-10T22:27:57.869361" level="INFO">Opening browser 'chrome' to base url 'http://sistemas.t2mlab.com:3006/'.</msg>
<arg>url=${URL}</arg>
<arg>browser=${BROWSER}</arg>
<doc>Opens a new browser instance to the optional ``url``.</doc>
<status status="PASS" start="2024-02-10T22:27:57.868364" elapsed="2.666141"/>
</kw>
<kw name="Maximize Browser Window" owner="SeleniumLibrary">
<doc>Maximizes current browser window.</doc>
<status status="PASS" start="2024-02-10T22:28:00.535503" elapsed="0.173049"/>
</kw>
<status status="PASS" start="2024-02-10T22:27:57.866368" elapsed="2.843182"/>
</kw>
<kw name="Realizar Login Válido Gestor" owner="login">
<kw name="Input Text" owner="SeleniumLibrary">
<msg time="2024-02-10T22:28:00.716533" level="INFO">Typing text 'Alan' into text field 'id:formBasicEmail'.</msg>
<arg>${LOGIN_PAGE.UsernameInput}</arg>
<arg>Alan</arg>
<doc>Types the given ``text`` into the text field identified by ``locator``.</doc>
<status status="PASS" start="2024-02-10T22:28:00.714538" elapsed="0.187833"/>
</kw>
<kw name="Input Password" owner="SeleniumLibrary">
<msg time="2024-02-10T22:28:00.904357" level="INFO">Typing password into text field 'id:formBasicPassword'.</msg>
<msg time="2024-02-10T22:28:00.947243" level="INFO">Temporally setting log level to: NONE</msg>
<arg>${LOGIN_PAGE.PasswordInput}</arg>
<arg>123</arg>
<doc>Types the given password into the text field identified by ``locator``.</doc>
<status status="PASS" start="2024-02-10T22:28:00.902371" elapsed="0.099724"/>
</kw>
<kw name="Click Element" owner="SeleniumLibrary">
<msg time="2024-02-10T22:28:01.003092" level="INFO">Clicking element 'css=.botao-default'.</msg>
<arg>${LOGIN_PAGE.LoginButton}</arg>
<doc>Click the element identified by ``locator``.</doc>
<status status="PASS" start="2024-02-10T22:28:01.002095" elapsed="0.057848"/>
</kw>
<status status="PASS" start="2024-02-10T22:28:00.713540" elapsed="0.346403"/>
</kw>
<kw name="Selecionar projeto" owner="login">
<kw name="Wait Until Element Is Enabled" owner="SeleniumLibrary">
<arg>${SELECT_PROJECT}</arg>
<arg>timeout=10s</arg>
<doc>Waits until the element ``locator`` is enabled.</doc>
<status status="PASS" start="2024-02-10T22:28:01.061937" elapsed="0.487708"/>
</kw>
<kw name="Click Element" owner="SeleniumLibrary">
<msg time="2024-02-10T22:28:01.550640" level="INFO">Clicking element 'css=.col-lg-3:nth-child(3) .MuiCardMedia-root'.</msg>
<arg>${SELECT_PROJECT}</arg>
<doc>Click the element identified by ``locator``.</doc>
<status status="PASS" start="2024-02-10T22:28:01.550640" elapsed="0.088766"/>
</kw>
<status status="PASS" start="2024-02-10T22:28:01.060938" elapsed="0.579463"/>
</kw>
<kw name="Clicar em empresa" owner="companys">
<kw name="Click Element" owner="SeleniumLibrary">
<msg time="2024-02-10T22:28:01.643393" level="INFO">Clicking element 'xpath=//*[@id="root"]/div[1]/div/div[2]/div/div/div/div[2]/div[3]/div/div/div/a/div/button'.</msg>
<arg>${SELECT_COMPANY}</arg>
<doc>Click the element identified by ``locator``.</doc>
<status status="PASS" start="2024-02-10T22:28:01.641398" elapsed="0.140814"/>
</kw>
<status status="PASS" start="2024-02-10T22:28:01.641398" elapsed="0.141811"/>
</kw>
<kw name="Clicar em cadastrar empresa" owner="companys">
<kw name="Click Element" owner="SeleniumLibrary">
<msg time="2024-02-10T22:28:01.785205" level="INFO">Clicking element 'xpath=//*[@id="root"]/div[1]/div/div[2]/div/div/div/div[2]/div/div[1]/div/div/a/div/button'.</msg>
<arg>${REGISTER_COMPANY}</arg>
<doc>Click the element identified by ``locator``.</doc>
<status status="PASS" start="2024-02-10T22:28:01.784208" elapsed="0.098767"/>
</kw>
<status status="PASS" start="2024-02-10T22:28:01.784208" elapsed="0.099763"/>
</kw>
<kw name="Preencher os campos" owner="companys">
<kw name="Input Text" owner="SeleniumLibrary">
<msg time="2024-02-10T22:28:01.894941" level="INFO">Typing text '' into text field 'xpath=//*[@id="root"]/div[1]/div/div[2]/div[1]/div/div/div[2]/div[1]/div[1]/div[1]/form/div/input'.</msg>
<arg>${COMPANY_INPUT}</arg>
<arg>${NAME}</arg>
<doc>Types the given ``text`` into the text field identified by ``locator``.</doc>
<status status="PASS" start="2024-02-10T22:28:01.893943" elapsed="0.094748"/>
</kw>
<kw name="Input Text" owner="SeleniumLibrary">
<msg time="2024-02-10T22:28:01.989689" level="INFO">Typing text '' into text field 'xpath=//*[@id="root"]/div[1]/div/div[2]/div[1]/div/div/div[2]/div[1]/div[1]/div[2]/form/div/input'.</msg>
<arg>${CNPJ_INPUT}</arg>
<arg>${CNPJ}</arg>
<doc>Types the given ``text`` into the text field identified by ``locator``.</doc>
<status status="PASS" start="2024-02-10T22:28:01.988691" elapsed="0.095743"/>
</kw>
<kw name="Input Text" owner="SeleniumLibrary">
<msg time="2024-02-10T22:28:02.085432" level="INFO">Typing text '21346774' into text field 'xpath=//*[@id="root"]/div[1]/div/div[2]/div[1]/div/div/div[2]/div[1]/div[1]/div[3]/form/div/input'.</msg>
<arg>${PHONE_INPUT}</arg>
<arg>${PHONE}</arg>
<doc>Types the given ``text`` into the text field identified by ``locator``.</doc>
<status status="PASS" start="2024-02-10T22:28:02.084434" elapsed="0.145271"/>
</kw>
<kw name="Input Text" owner="SeleniumLibrary">
<msg time="2024-02-10T22:28:02.231699" level="INFO">Typing text 'IQS' into text field 'xpath=//*[@id="root"]/div[1]/div/div[2]/div[1]/div/div/div[2]/div[1]/div[2]/div[1]/form/div/input'.</msg>
<arg>${SECTOR_INPUT}</arg>
<arg>${SECTOR}</arg>
<doc>Types the given ``text`` into the text field identified by ``locator``.</doc>
<status status="PASS" start="2024-02-10T22:28:02.230702" elapsed="0.118695"/>
</kw>
<kw name="Input Text" owner="SeleniumLibrary">
<msg time="2024-02-10T22:28:02.350395" level="INFO">Typing text 'Rua dos testes' into text field 'xpath=//*[@id="root"]/div[1]/div/div[2]/div[1]/div/div/div[2]/div[1]/div[2]/div[2]/form/div/textarea'.</msg>
<arg>${ADDRESS_INPUT}</arg>
<arg>${ADDRESS}</arg>
<doc>Types the given ``text`` into the text field identified by ``locator``.</doc>
<status status="PASS" start="2024-02-10T22:28:02.349397" elapsed="0.157185"/>
</kw>
<arg>NAME=</arg>
<arg>CNPJ=</arg>
<arg>PHONE=21346774</arg>
<arg>SECTOR=IQS</arg>
<arg>ADDRESS=Rua dos testes</arg>
<status status="PASS" start="2024-02-10T22:28:01.891949" elapsed="0.614633"/>
</kw>
<kw name="Rolar a página" owner="companys">
<kw name="Scroll Element Into View" owner="SeleniumLibrary">
<arg>${DEFAULT_BUTTON}</arg>
<doc>Scrolls the element identified by ``locator`` into view.</doc>
<status status="PASS" start="2024-02-10T22:28:02.508577" elapsed="0.302620"/>
</kw>
<status status="PASS" start="2024-02-10T22:28:02.507580" elapsed="0.304654"/>
</kw>
<kw name="Clicar no botão confirmar" owner="services">
<kw name="Click Element" owner="SeleniumLibrary">
<msg time="2024-02-10T22:28:02.813977" level="INFO">Clicking element 'css=.sc-aXZVg &gt; .botao-default'.</msg>
<arg>${DEFAULT_BUTTON}</arg>
<doc>Click the element identified by ``locator``.</doc>
<status status="PASS" start="2024-02-10T22:28:02.813977" elapsed="0.061612"/>
</kw>
<status status="PASS" start="2024-02-10T22:28:02.812973" elapsed="0.062616"/>
</kw>
<kw name="E aparece o aviso de campo obrigatório" owner="companys">
<kw name="Wait Until Element Is Visible" owner="SeleniumLibrary">
<arg>${REQUIRED}</arg>
<doc>Waits until the element ``locator`` is visible.</doc>
<status status="PASS" start="2024-02-10T22:28:02.879583" elapsed="0.046878"/>
</kw>
<kw name="Element Should Be Visible" owner="SeleniumLibrary">
<msg time="2024-02-10T22:28:02.954657" level="INFO">Element 'xpath=//*[@id="root"]/div[1]/div/div[2]/div[1]/div/div/div[2]/div[1]/div[1]/div[2]/form/div/div' is displayed.</msg>
<arg>${REQUIRED}</arg>
<doc>Verifies that the element identified by ``locator`` is visible.</doc>
<status status="PASS" start="2024-02-10T22:28:02.927456" elapsed="0.028199"/>
</kw>
<status status="PASS" start="2024-02-10T22:28:02.879583" elapsed="0.076072"/>
</kw>
<kw name="Close your Browser" owner="setup_teardown" type="TEARDOWN">
<kw name="Sleep" owner="BuiltIn">
<msg time="2024-02-10T22:28:04.957871" level="INFO">Slept 2 seconds.</msg>
<arg>time_=2s</arg>
<doc>Pauses the test executed for the given time.</doc>
<status status="PASS" start="2024-02-10T22:28:02.957649" elapsed="2.000222"/>
</kw>
<kw name="Close Browser" owner="SeleniumLibrary">
<doc>Closes the current browser.</doc>
<status status="PASS" start="2024-02-10T22:28:04.958871" elapsed="2.385547"/>
</kw>
<status status="PASS" start="2024-02-10T22:28:02.956653" elapsed="4.387765"/>
</kw>
<status status="PASS" start="2024-02-10T22:27:57.864373" elapsed="9.481050"/>
</test>
<status status="PASS" start="2024-02-10T22:27:57.554665" elapsed="9.793747"/>
</suite>
<status status="PASS" start="2024-02-10T22:27:57.550676" elapsed="9.801726"/>
</suite>
<status status="PASS" start="2024-02-10T22:27:57.521258" elapsed="9.833138"/>
</suite>
<statistics>
<total>
<stat pass="1" fail="0" skip="0">All Tests</stat>
</total>
<tag>
</tag>
<suite>
<stat pass="1" fail="0" skip="0" id="s1" name="Projeto-Final-Iqs">Projeto-Final-Iqs</stat>
<stat pass="1" fail="0" skip="0" id="s1-s1" name="Tests">Projeto-Final-Iqs.Tests</stat>
<stat pass="1" fail="0" skip="0" id="s1-s1-s1" name="Test Companys">Projeto-Final-Iqs.Tests.Test Companys</stat>
</suite>
</statistics>
<errors>
</errors>
</robot>
