<?xml version="1.0" encoding="UTF-8"?>
<robot generator="Robot 7.0 (Python 3.12.1 on win32)" generated="2024-02-07T23:02:24.536349" rpa="false" schemaversion="5">
<suite id="s1" name="Projeto" source="C:\Users\lelet\OneDrive\Documentos\IQS\Projeto Final\projeto">
<suite id="s1-s1" name="Projeto-Final" source="C:\Users\lelet\OneDrive\Documentos\IQS\Projeto Final\projeto\Projeto-Final">
<suite id="s1-s1-s1" name="Sistema-Competencias" source="C:\Users\lelet\OneDrive\Documentos\IQS\Projeto Final\projeto\Projeto-Final\sistema-competencias.robot">
<test id="s1-s1-s1-t1" name="TC005 - Campos Obrigatórios - Cadastro de Competências" line="93">
<kw name="Run Keywords" owner="BuiltIn" type="SETUP">
<doc>Executes all the given keywords in a sequence.</doc>
<status status="PASS" start="2024-02-07T23:02:25.228400" elapsed="0.002003"/>
</kw>
<kw name="Open Browser" owner="SeleniumLibrary">
<msg time="2024-02-07T23:02:25.233388" level="INFO">Opening browser 'chrome' to base url 'http://sistemas.t2mlab.com:3006/'.</msg>
<arg>url=${URL}</arg>
<arg>browser=${BROWSER}</arg>
<doc>Opens a new browser instance to the optional ``url``.</doc>
<status status="PASS" start="2024-02-07T23:02:25.231393" elapsed="2.850609"/>
</kw>
<kw name="Maximize Browser Window" owner="SeleniumLibrary">
<doc>Maximizes current browser window.</doc>
<status status="PASS" start="2024-02-07T23:02:28.084924" elapsed="0.494673"/>
</kw>
<kw name="Realizar Login Válido Gestor">
<kw name="Input Text" owner="SeleniumLibrary">
<msg time="2024-02-07T23:02:28.584775" level="INFO">Typing text 'Alan' into text field 'id:formBasicEmail'.</msg>
<arg>${LOGIN_PAGE.UsernameInput}</arg>
<arg>Alan</arg>
<doc>Types the given ``text`` into the text field identified by ``locator``.</doc>
<status status="PASS" start="2024-02-07T23:02:28.582590" elapsed="0.298203"/>
</kw>
<kw name="Input Password" owner="SeleniumLibrary">
<msg time="2024-02-07T23:02:28.883893" level="INFO">Typing password into text field 'id:formBasicPassword'.</msg>
<msg time="2024-02-07T23:02:28.978532" level="INFO">Temporally setting log level to: NONE</msg>
<arg>${LOGIN_PAGE.PasswordInput}</arg>
<arg>123</arg>
<doc>Types the given password into the text field identified by ``locator``.</doc>
<status status="PASS" start="2024-02-07T23:02:28.881790" elapsed="0.194009"/>
</kw>
<kw name="Click Element" owner="SeleniumLibrary">
<msg time="2024-02-07T23:02:29.078713" level="INFO">Clicking element 'css=.botao-default'.</msg>
<arg>${LOGIN_PAGE.LoginButton}</arg>
<doc>Click the element identified by ``locator``.</doc>
<status status="PASS" start="2024-02-07T23:02:29.076273" elapsed="0.112696"/>
</kw>
<status status="PASS" start="2024-02-07T23:02:28.580594" elapsed="0.610370"/>
</kw>
<kw name="Selecionar Projeto">
<kw name="Wait Until Element Is Visible" owner="SeleniumLibrary">
<arg>${SELECT_PROJECT}</arg>
<arg>timeout=10s</arg>
<doc>Waits until the element ``locator`` is visible.</doc>
<status status="PASS" start="2024-02-07T23:02:29.199939" elapsed="0.688404"/>
</kw>
<kw name="Click Element" owner="SeleniumLibrary">
<msg time="2024-02-07T23:02:29.891334" level="INFO">Clicking element 'css=.col-lg-3:nth-child(3) .MuiCardMedia-root'.</msg>
<arg>${SELECT_PROJECT}</arg>
<doc>Click the element identified by ``locator``.</doc>
<status status="PASS" start="2024-02-07T23:02:29.888343" elapsed="0.193550"/>
</kw>
<status status="PASS" start="2024-02-07T23:02:29.197944" elapsed="0.884932"/>
</kw>
<kw name="Campos Obrigatórios Cadastrar Competências">
<kw name="Wait Until Element Is Visible" owner="SeleniumLibrary">
<arg>${CAD_COMPETENCE.Button}</arg>
<arg>timeout=10s</arg>
<doc>Waits until the element ``locator`` is visible.</doc>
<status status="PASS" start="2024-02-07T23:02:30.084818" elapsed="0.096319"/>
</kw>
<kw name="Click Element" owner="SeleniumLibrary">
<msg time="2024-02-07T23:02:30.184129" level="INFO">Clicking element 'xpath=//*[@id="root"]/div[1]/div/div[2]/div/div/div/div[2]/div[1]/div[1]/div/div/a/div/button'.</msg>
<arg>${CAD_COMPETENCE.Button}</arg>
<doc>Click the element identified by ``locator``.</doc>
<status status="PASS" start="2024-02-07T23:02:30.181137" elapsed="0.148952"/>
</kw>
<kw name="Wait Until Element Is Visible" owner="SeleniumLibrary">
<arg>${CAD_COMPETENCE.Button}</arg>
<arg>timeout=10s</arg>
<doc>Waits until the element ``locator`` is visible.</doc>
<status status="PASS" start="2024-02-07T23:02:30.331151" elapsed="0.035840"/>
</kw>
<kw name="Click Element" owner="SeleniumLibrary">
<msg time="2024-02-07T23:02:30.368986" level="INFO">Clicking element 'xpath=//*[@id="root"]/div[1]/div/div[2]/div/div/div/div[2]/div[1]/div[1]/div/div/a/div/button'.</msg>
<arg>${CAD_COMPETENCE.Button}</arg>
<doc>Click the element identified by ``locator``.</doc>
<status status="PASS" start="2024-02-07T23:02:30.366991" elapsed="0.107727"/>
</kw>
<kw name="Input Text" owner="SeleniumLibrary">
<msg time="2024-02-07T23:02:30.477455" level="INFO">Typing text 'Testezinho' into text field 'id=formBasicEmail'.</msg>
<arg>${CAD_COMPETENCE.CompetenceInput}</arg>
<arg>Testezinho</arg>
<doc>Types the given ``text`` into the text field identified by ``locator``.</doc>
<status status="PASS" start="2024-02-07T23:02:30.474718" elapsed="0.254306"/>
</kw>
<kw name="Click Element" owner="SeleniumLibrary">
<msg time="2024-02-07T23:02:30.732016" level="INFO">Clicking element 'xpath=//span[contains(.,'Confirmar Cadastro')]'.</msg>
<arg>${CAD_COMPETENCE.ConfirmButton}</arg>
<doc>Click the element identified by ``locator``.</doc>
<status status="PASS" start="2024-02-07T23:02:30.730099" elapsed="0.132567"/>
</kw>
<status status="PASS" start="2024-02-07T23:02:30.083820" elapsed="0.779844"/>
</kw>
<status status="PASS" start="2024-02-07T23:02:25.224411" elapsed="5.641248"/>
</test>
<status status="PASS" start="2024-02-07T23:02:24.634986" elapsed="6.233664"/>
</suite>
<status status="PASS" start="2024-02-07T23:02:24.620026" elapsed="6.252614"/>
</suite>
<status status="PASS" start="2024-02-07T23:02:24.548217" elapsed="6.331404"/>
</suite>
<statistics>
<total>
<stat pass="1" fail="0" skip="0">All Tests</stat>
</total>
<tag>
</tag>
<suite>
<stat pass="1" fail="0" skip="0" id="s1" name="Projeto">Projeto</stat>
<stat pass="1" fail="0" skip="0" id="s1-s1" name="Projeto-Final">Projeto.Projeto-Final</stat>
<stat pass="1" fail="0" skip="0" id="s1-s1-s1" name="Sistema-Competencias">Projeto.Projeto-Final.Sistema-Competencias</stat>
</suite>
</statistics>
<errors>
</errors>
</robot>
