<?xml version="1.0" encoding="UTF-8"?>
<robot generator="Robot 7.0 (Python 3.12.1 on win32)" generated="2024-02-11T13:29:21.484638" rpa="false" schemaversion="5">
<suite id="s1" name="Projeto-Final-Iqs" source="C:\Users\lelet\OneDrive\Documentos\IQS\Projeto Final\projeto-final-iqs">
<suite id="s1-s1" name="Tests" source="C:\Users\lelet\OneDrive\Documentos\IQS\Projeto Final\projeto-final-iqs\tests">
<suite id="s1-s1-s1" name="Test Companys" source="C:\Users\lelet\OneDrive\Documentos\IQS\Projeto Final\projeto-final-iqs\tests\test_companys.robot">
<test id="s1-s1-s1-t1" name="TC052 - Filtrar Busca por Setor da Empresa" line="263">
<kw name="Open Browser for Navigation" owner="setup_teardown" type="SETUP">
<kw name="Open Browser" owner="SeleniumLibrary">
<msg time="2024-02-11T13:29:21.970044" level="INFO">Opening browser 'chrome' to base url 'http://sistemas.t2mlab.com:3006/'.</msg>
<arg>url=${URL}</arg>
<arg>browser=${BROWSER}</arg>
<doc>Opens a new browser instance to the optional ``url``.</doc>
<status status="PASS" start="2024-02-11T13:29:21.969238" elapsed="3.802866"/>
</kw>
<kw name="Maximize Browser Window" owner="SeleniumLibrary">
<doc>Maximizes current browser window.</doc>
<status status="PASS" start="2024-02-11T13:29:25.772104" elapsed="0.440095"/>
</kw>
<status status="PASS" start="2024-02-11T13:29:21.951339" elapsed="4.261854"/>
</kw>
<kw name="Realizar Login Válido Gestor" owner="login">
<kw name="Input Text" owner="SeleniumLibrary">
<msg time="2024-02-11T13:29:26.224168" level="INFO">Typing text 'Alan' into text field 'id:formBasicEmail'.</msg>
<arg>${LOGIN_PAGE.UsernameInput}</arg>
<arg>Alan</arg>
<doc>Types the given ``text`` into the text field identified by ``locator``.</doc>
<status status="PASS" start="2024-02-11T13:29:26.217186" elapsed="0.277160"/>
</kw>
<kw name="Input Password" owner="SeleniumLibrary">
<msg time="2024-02-11T13:29:26.499353" level="INFO">Typing password into text field 'id:formBasicPassword'.</msg>
<msg time="2024-02-11T13:29:26.595157" level="INFO">Temporally setting log level to: NONE</msg>
<arg>${LOGIN_PAGE.PasswordInput}</arg>
<arg>123</arg>
<doc>Types the given password into the text field identified by ``locator``.</doc>
<status status="PASS" start="2024-02-11T13:29:26.494346" elapsed="0.247476"/>
</kw>
<kw name="Click Element" owner="SeleniumLibrary">
<msg time="2024-02-11T13:29:26.744205" level="INFO">Clicking element 'css=.botao-default'.</msg>
<arg>${LOGIN_PAGE.LoginButton}</arg>
<doc>Click the element identified by ``locator``.</doc>
<status status="PASS" start="2024-02-11T13:29:26.742162" elapsed="0.090198"/>
</kw>
<status status="PASS" start="2024-02-11T13:29:26.215190" elapsed="0.618169"/>
</kw>
<kw name="Selecionar projeto" owner="login">
<kw name="Wait Until Element Is Enabled" owner="SeleniumLibrary">
<arg>${SELECT_PROJECT}</arg>
<arg>timeout=10s</arg>
<doc>Waits until the element ``locator`` is enabled.</doc>
<status status="PASS" start="2024-02-11T13:29:26.836429" elapsed="0.791571"/>
</kw>
<kw name="Click Element" owner="SeleniumLibrary">
<msg time="2024-02-11T13:29:27.629456" level="INFO">Clicking element 'css=.col-lg-3:nth-child(3) .MuiCardMedia-root'.</msg>
<arg>${SELECT_PROJECT}</arg>
<doc>Click the element identified by ``locator``.</doc>
<status status="PASS" start="2024-02-11T13:29:27.628000" elapsed="0.140215"/>
</kw>
<status status="PASS" start="2024-02-11T13:29:26.834355" elapsed="0.935854"/>
</kw>
<kw name="Clicar em empresa" owner="companys">
<kw name="Click Element" owner="SeleniumLibrary">
<msg time="2024-02-11T13:29:27.776704" level="INFO">Clicking element 'xpath=//*[@id="root"]/div[1]/div/div[2]/div/div/div/div[2]/div[3]/div/div/div/a/div/button'.</msg>
<arg>${SELECT_COMPANY}</arg>
<doc>Click the element identified by ``locator``.</doc>
<status status="PASS" start="2024-02-11T13:29:27.775708" elapsed="0.191806"/>
</kw>
<status status="PASS" start="2024-02-11T13:29:27.774709" elapsed="0.193801"/>
</kw>
<kw name="E clicar em buscar empresa" owner="companys">
<kw name="Click Element" owner="SeleniumLibrary">
<msg time="2024-02-11T13:29:27.980479" level="INFO">Clicking element 'xpath=//button[.='Buscar Empresa']'.</msg>
<arg>${SEARCH_COMPANY}</arg>
<doc>Click the element identified by ``locator``.</doc>
<status status="PASS" start="2024-02-11T13:29:27.979482" elapsed="0.168413"/>
</kw>
<status status="PASS" start="2024-02-11T13:29:27.978484" elapsed="0.169411"/>
</kw>
<kw name="Pegar um setor da lista" owner="companys">
<kw name="Wait Until Element Is Visible" owner="SeleniumLibrary">
<arg>${TABLE_LOCATOR}</arg>
<arg>timeout=5s</arg>
<doc>Waits until the element ``locator`` is visible.</doc>
<status status="PASS" start="2024-02-11T13:29:28.150888" elapsed="0.264300"/>
</kw>
<kw name="Get Text" owner="SeleniumLibrary">
<msg time="2024-02-11T13:29:28.509936" level="INFO">${SECTOR_LIST} = 3232</msg>
<var>${SECTOR_LIST}</var>
<arg>${TABLE_LOCATOR}//tbody/tr[1]/td[4]</arg>
<doc>Returns the text value of the element identified by ``locator``.</doc>
<status status="PASS" start="2024-02-11T13:29:28.416187" elapsed="0.094747"/>
</kw>
<kw name="Set Global Variable" owner="BuiltIn">
<msg time="2024-02-11T13:29:28.511931" level="INFO">${SECTOR_LIST} = 3232</msg>
<arg>${SECTOR_LIST}</arg>
<doc>Makes a variable available globally in all tests and suites.</doc>
<status status="PASS" start="2024-02-11T13:29:28.510934" elapsed="0.001994"/>
</kw>
<status status="PASS" start="2024-02-11T13:29:28.149889" elapsed="0.363039"/>
</kw>
<kw name="E pesquisar o item coletado" owner="companys">
<kw name="Click Element" owner="SeleniumLibrary">
<msg time="2024-02-11T13:29:28.517916" level="INFO">Clicking element 'xpath=//input[@class='form-control']'.</msg>
<arg>${FILTER_INPUT}</arg>
<doc>Click the element identified by ``locator``.</doc>
<status status="PASS" start="2024-02-11T13:29:28.516918" elapsed="0.283005"/>
</kw>
<kw name="Input Text" owner="SeleniumLibrary">
<msg time="2024-02-11T13:29:28.800920" level="INFO">Typing text '3232' into text field 'xpath=//input[@class='form-control']'.</msg>
<arg>${FILTER_INPUT}</arg>
<arg>${SEARCH}</arg>
<doc>Types the given ``text`` into the text field identified by ``locator``.</doc>
<status status="PASS" start="2024-02-11T13:29:28.799923" elapsed="0.359964"/>
</kw>
<arg>SEARCH=${SECTOR_LIST}</arg>
<status status="PASS" start="2024-02-11T13:29:28.514922" elapsed="0.645961"/>
</kw>
<kw name="Verificar se há resultados" owner="collaborators">
<kw name="Run Keyword And Return Status" owner="BuiltIn">
<kw name="Element Should Be Visible" owner="SeleniumLibrary">
<msg time="2024-02-11T13:29:29.267141" level="INFO">Element 'xpath=//table[@class='table table-striped table-hover']//tbody/tr[1]' is displayed.</msg>
<arg>${TABLE_LOCATOR}//tbody/tr[1]</arg>
<doc>Verifies that the element identified by ``locator`` is visible.</doc>
<status status="PASS" start="2024-02-11T13:29:29.163875" elapsed="0.103266"/>
</kw>
<msg time="2024-02-11T13:29:29.268141" level="INFO">${element_visible} = True</msg>
<var>${element_visible}</var>
<arg>Element Should Be Visible</arg>
<arg>${TABLE_LOCATOR}//tbody/tr[1]</arg>
<doc>Runs the given keyword with given arguments and returns the status as a Boolean value.</doc>
<status status="PASS" start="2024-02-11T13:29:29.162880" elapsed="0.105261"/>
</kw>
<if>
<branch type="IF" condition="'${element_visible}' == 'False'">
<kw name="Fail" owner="BuiltIn">
<arg>Nenhum resultado obtido!</arg>
<doc>Fails the test with the given message and optionally alters its tags.</doc>
<status status="NOT RUN" start="2024-02-11T13:29:29.272154" elapsed="0.000973"/>
</kw>
<status status="NOT RUN" start="2024-02-11T13:29:29.269137" elapsed="0.003990"/>
</branch>
<branch type="ELSE">
<kw name="Log To Console" owner="BuiltIn">
<arg>\nTudo certo! Há itens na lista!</arg>
<doc>Logs the given message to the console.</doc>
<status status="PASS" start="2024-02-11T13:29:29.274126" elapsed="0.000995"/>
</kw>
<status status="PASS" start="2024-02-11T13:29:29.273127" elapsed="0.002991"/>
</branch>
<status status="PASS" start="2024-02-11T13:29:29.269137" elapsed="0.006981"/>
</if>
<status status="PASS" start="2024-02-11T13:29:29.161880" elapsed="0.114238"/>
</kw>
<kw name="Close your Browser" owner="setup_teardown" type="TEARDOWN">
<kw name="Sleep" owner="BuiltIn">
<msg time="2024-02-11T13:29:31.280250" level="INFO">Slept 2 seconds.</msg>
<arg>time_=2s</arg>
<doc>Pauses the test executed for the given time.</doc>
<status status="PASS" start="2024-02-11T13:29:29.278114" elapsed="2.002136"/>
</kw>
<kw name="Close Browser" owner="SeleniumLibrary">
<doc>Closes the current browser.</doc>
<status status="PASS" start="2024-02-11T13:29:31.281248" elapsed="2.221054"/>
</kw>
<status status="PASS" start="2024-02-11T13:29:29.278114" elapsed="4.224188"/>
</kw>
<status status="PASS" start="2024-02-11T13:29:21.951339" elapsed="11.552112"/>
</test>
<status status="PASS" start="2024-02-11T13:29:21.539787" elapsed="11.966581"/>
</suite>
<status status="PASS" start="2024-02-11T13:29:21.531503" elapsed="11.978843"/>
</suite>
<status status="PASS" start="2024-02-11T13:29:21.500261" elapsed="12.014074"/>
</suite>
<statistics>
<total>
<stat pass="1" fail="0" skip="0">All Tests</stat>
</total>
<tag>
</tag>
<suite>
<stat pass="1" fail="0" skip="0" id="s1" name="Projeto-Final-Iqs">Projeto-Final-Iqs</stat>
<stat pass="1" fail="0" skip="0" id="s1-s1" name="Tests">Projeto-Final-Iqs.Tests</stat>
<stat pass="1" fail="0" skip="0" id="s1-s1-s1" name="Test Companys">Projeto-Final-Iqs.Tests.Test Companys</stat>
</suite>
</statistics>
<errors>
</errors>
</robot>
