<?xml version="1.0" encoding="UTF-8"?>
<robot generator="Robot 7.0 (Python 3.12.1 on win32)" generated="2024-02-10T22:03:52.037474" rpa="false" schemaversion="5">
<suite id="s1" name="Projeto-Final-Iqs" source="C:\Users\lelet\OneDrive\Documentos\IQS\Projeto Final\projeto-final-iqs">
<suite id="s1-s1" name="Tests" source="C:\Users\lelet\OneDrive\Documentos\IQS\Projeto Final\projeto-final-iqs\tests">
<suite id="s1-s1-s1" name="Test Companys" source="C:\Users\lelet\OneDrive\Documentos\IQS\Projeto Final\projeto-final-iqs\tests\test_companys.robot">
<test id="s1-s1-s1-t1" name="TC032 - Realizar o Cadastro de uma Empresa" line="8">
<kw name="Open Browser for Navigation" owner="setup_teardown" type="SETUP">
<kw name="Open Browser" owner="SeleniumLibrary">
<msg time="2024-02-10T22:03:52.626764" level="INFO">Opening browser 'chrome' to base url 'http://sistemas.t2mlab.com:3006/'.</msg>
<arg>url=${URL}</arg>
<arg>browser=${BROWSER}</arg>
<doc>Opens a new browser instance to the optional ``url``.</doc>
<status status="PASS" start="2024-02-10T22:03:52.626764" elapsed="3.171319"/>
</kw>
<kw name="Maximize Browser Window" owner="SeleniumLibrary">
<doc>Maximizes current browser window.</doc>
<status status="PASS" start="2024-02-10T22:03:55.799081" elapsed="0.352059"/>
</kw>
<status status="PASS" start="2024-02-10T22:03:52.623772" elapsed="3.527368"/>
</kw>
<kw name="Realizar Login Válido Gestor" owner="login">
<kw name="Input Text" owner="SeleniumLibrary">
<msg time="2024-02-10T22:03:56.157123" level="INFO">Typing text 'Alan' into text field 'id:formBasicEmail'.</msg>
<arg>${LOGIN_PAGE.UsernameInput}</arg>
<arg>Alan</arg>
<doc>Types the given ``text`` into the text field identified by ``locator``.</doc>
<status status="PASS" start="2024-02-10T22:03:56.153134" elapsed="0.311169"/>
</kw>
<kw name="Input Password" owner="SeleniumLibrary">
<msg time="2024-02-10T22:03:56.466297" level="INFO">Typing password into text field 'id:formBasicPassword'.</msg>
<msg time="2024-02-10T22:03:56.532121" level="INFO">Temporally setting log level to: NONE</msg>
<arg>${LOGIN_PAGE.PasswordInput}</arg>
<arg>123</arg>
<doc>Types the given password into the text field identified by ``locator``.</doc>
<status status="PASS" start="2024-02-10T22:03:56.464303" elapsed="0.156582"/>
</kw>
<kw name="Click Element" owner="SeleniumLibrary">
<msg time="2024-02-10T22:03:56.624875" level="INFO">Clicking element 'css=.botao-default'.</msg>
<arg>${LOGIN_PAGE.LoginButton}</arg>
<doc>Click the element identified by ``locator``.</doc>
<status status="PASS" start="2024-02-10T22:03:56.622888" elapsed="0.108701"/>
</kw>
<status status="PASS" start="2024-02-10T22:03:56.152137" elapsed="0.579452"/>
</kw>
<kw name="Selecionar projeto" owner="login">
<kw name="Wait Until Element Is Enabled" owner="SeleniumLibrary">
<arg>${SELECT_PROJECT}</arg>
<arg>timeout=10s</arg>
<doc>Waits until the element ``locator`` is enabled.</doc>
<status status="PASS" start="2024-02-10T22:03:56.733583" elapsed="0.587786"/>
</kw>
<kw name="Click Element" owner="SeleniumLibrary">
<msg time="2024-02-10T22:03:57.324360" level="INFO">Clicking element 'css=.col-lg-3:nth-child(3) .MuiCardMedia-root'.</msg>
<arg>${SELECT_PROJECT}</arg>
<doc>Click the element identified by ``locator``.</doc>
<status status="PASS" start="2024-02-10T22:03:57.323362" elapsed="0.123671"/>
</kw>
<status status="PASS" start="2024-02-10T22:03:56.732587" elapsed="0.714446"/>
</kw>
<kw name="Clicar em empresa" owner="companys">
<kw name="Click Element" owner="SeleniumLibrary">
<msg time="2024-02-10T22:03:57.450024" level="INFO">Clicking element 'xpath=//*[@id="root"]/div[1]/div/div[2]/div/div/div/div[2]/div[3]/div/div/div/a/div/button'.</msg>
<arg>${SELECT_COMPANY}</arg>
<doc>Click the element identified by ``locator``.</doc>
<status status="PASS" start="2024-02-10T22:03:57.449027" elapsed="0.149599"/>
</kw>
<status status="PASS" start="2024-02-10T22:03:57.448029" elapsed="0.150597"/>
</kw>
<kw name="Clicar em cadastrar empresa" owner="companys">
<kw name="Click Element" owner="SeleniumLibrary">
<msg time="2024-02-10T22:03:57.601618" level="INFO">Clicking element 'xpath=//*[@id="root"]/div[1]/div/div[2]/div/div/div/div[2]/div/div[1]/div/div/a/div/button'.</msg>
<arg>${REGISTER_COMPANY}</arg>
<doc>Click the element identified by ``locator``.</doc>
<status status="PASS" start="2024-02-10T22:03:57.600622" elapsed="0.123675"/>
</kw>
<status status="PASS" start="2024-02-10T22:03:57.599625" elapsed="0.125663"/>
</kw>
<kw name="Preencher os campos" owner="companys">
<kw name="Input Text" owner="SeleniumLibrary">
<msg time="2024-02-10T22:03:57.732269" level="INFO">Typing text 'Exemplo2' into text field 'xpath=//*[@id="root"]/div[1]/div/div[2]/div[1]/div/div/div[2]/div[1]/div[1]/div[1]/form/div/input'.</msg>
<arg>${COMPANY_INPUT}</arg>
<arg>${NAME}</arg>
<doc>Types the given ``text`` into the text field identified by ``locator``.</doc>
<status status="PASS" start="2024-02-10T22:03:57.731273" elapsed="0.238005"/>
</kw>
<kw name="Input Text" owner="SeleniumLibrary">
<msg time="2024-02-10T22:03:57.971272" level="INFO">Typing text '1234567890' into text field 'xpath=//*[@id="root"]/div[1]/div/div[2]/div[1]/div/div/div[2]/div[1]/div[1]/div[2]/form/div/input'.</msg>
<arg>${CNPJ_INPUT}</arg>
<arg>${CNPJ}</arg>
<doc>Types the given ``text`` into the text field identified by ``locator``.</doc>
<status status="PASS" start="2024-02-10T22:03:57.970276" elapsed="0.261300"/>
</kw>
<kw name="Input Text" owner="SeleniumLibrary">
<msg time="2024-02-10T22:03:58.233571" level="INFO">Typing text '21346774' into text field 'xpath=//*[@id="root"]/div[1]/div/div[2]/div[1]/div/div/div[2]/div[1]/div[1]/div[3]/form/div/input'.</msg>
<arg>${PHONE_INPUT}</arg>
<arg>${PHONE}</arg>
<doc>Types the given ``text`` into the text field identified by ``locator``.</doc>
<status status="PASS" start="2024-02-10T22:03:58.232576" elapsed="0.232401"/>
</kw>
<kw name="Input Text" owner="SeleniumLibrary">
<msg time="2024-02-10T22:03:58.466970" level="INFO">Typing text 'IQS' into text field 'xpath=//*[@id="root"]/div[1]/div/div[2]/div[1]/div/div/div[2]/div[1]/div[2]/div[1]/form/div/input'.</msg>
<arg>${SECTOR_INPUT}</arg>
<arg>${SECTOR}</arg>
<doc>Types the given ``text`` into the text field identified by ``locator``.</doc>
<status status="PASS" start="2024-02-10T22:03:58.465973" elapsed="0.168549"/>
</kw>
<kw name="Input Text" owner="SeleniumLibrary">
<msg time="2024-02-10T22:03:58.635520" level="INFO">Typing text 'Rua dos testes' into text field 'xpath=//*[@id="root"]/div[1]/div/div[2]/div[1]/div/div/div[2]/div[1]/div[2]/div[2]/form/div/textarea'.</msg>
<arg>${ADDRESS_INPUT}</arg>
<arg>${ADDRESS}</arg>
<doc>Types the given ``text`` into the text field identified by ``locator``.</doc>
<status status="PASS" start="2024-02-10T22:03:58.634522" elapsed="0.221423"/>
</kw>
<arg>NAME=Exemplo2</arg>
<arg>CNPJ=1234567890</arg>
<arg>PHONE=21346774</arg>
<arg>SECTOR=IQS</arg>
<arg>ADDRESS=Rua dos testes</arg>
<status status="PASS" start="2024-02-10T22:03:57.729278" elapsed="1.128649"/>
</kw>
<kw name="Rolar a página" owner="companys">
<kw name="Scroll Element Into View" owner="SeleniumLibrary">
<arg>${DEFAULT_BUTTON}</arg>
<doc>Scrolls the element identified by ``locator`` into view.</doc>
<status status="PASS" start="2024-02-10T22:03:58.862913" elapsed="0.315102"/>
</kw>
<status status="PASS" start="2024-02-10T22:03:58.862913" elapsed="0.315102"/>
</kw>
<kw name="Clicar no botão confirmar" owner="services">
<kw name="Click Element" owner="SeleniumLibrary">
<msg time="2024-02-10T22:03:59.180386" level="INFO">Clicking element 'css=.sc-aXZVg &gt; .botao-default'.</msg>
<arg>${DEFAULT_BUTTON}</arg>
<doc>Click the element identified by ``locator``.</doc>
<status status="PASS" start="2024-02-10T22:03:59.180386" elapsed="0.097822"/>
</kw>
<status status="PASS" start="2024-02-10T22:03:59.179347" elapsed="0.099858"/>
</kw>
<kw name="Clicar no botão modal" owner="services">
<kw name="Click Element" owner="SeleniumLibrary">
<msg time="2024-02-10T22:03:59.283194" level="INFO">Clicking element 'css=.hDPZGJ &gt; .botao-default'.</msg>
<arg>${MODAL_BUTTON}</arg>
<doc>Click the element identified by ``locator``.</doc>
<status status="PASS" start="2024-02-10T22:03:59.282198" elapsed="0.104722"/>
</kw>
<status status="PASS" start="2024-02-10T22:03:59.282198" elapsed="0.104722"/>
</kw>
<kw name="Checar mensagem de sucesso" owner="services">
<kw name="Wait Until Element Is Visible" owner="SeleniumLibrary">
<arg>${SUCCESS_ELEMENT}</arg>
<doc>Waits until the element ``locator`` is visible.</doc>
<status status="PASS" start="2024-02-10T22:03:59.390919" elapsed="0.504902"/>
</kw>
<kw name="Element Should Be Visible" owner="SeleniumLibrary">
<msg time="2024-02-10T22:03:59.930727" level="INFO">Element 'css=.Toastify__toast--success' is displayed.</msg>
<arg>${SUCCESS_ELEMENT}</arg>
<doc>Verifies that the element identified by ``locator`` is visible.</doc>
<status status="PASS" start="2024-02-10T22:03:59.895821" elapsed="0.034906"/>
</kw>
<status status="PASS" start="2024-02-10T22:03:59.387914" elapsed="0.543809"/>
</kw>
<kw name="Close your Browser" owner="setup_teardown" type="TEARDOWN">
<kw name="Sleep" owner="BuiltIn">
<msg time="2024-02-10T22:04:01.935642" level="INFO">Slept 2 seconds.</msg>
<arg>time_=2s</arg>
<doc>Pauses the test executed for the given time.</doc>
<status status="PASS" start="2024-02-10T22:03:59.933721" elapsed="2.003918"/>
</kw>
<kw name="Close Browser" owner="SeleniumLibrary">
<doc>Closes the current browser.</doc>
<status status="PASS" start="2024-02-10T22:04:01.937639" elapsed="2.421847"/>
</kw>
<status status="PASS" start="2024-02-10T22:03:59.932722" elapsed="4.427753"/>
</kw>
<status status="PASS" start="2024-02-10T22:03:52.616789" elapsed="11.745681"/>
</test>
<status status="PASS" start="2024-02-10T22:03:52.093322" elapsed="12.271142"/>
</suite>
<status status="PASS" start="2024-02-10T22:03:52.083351" elapsed="12.285103"/>
</suite>
<status status="PASS" start="2024-02-10T22:03:52.045451" elapsed="12.324998"/>
</suite>
<statistics>
<total>
<stat pass="1" fail="0" skip="0">All Tests</stat>
</total>
<tag>
</tag>
<suite>
<stat pass="1" fail="0" skip="0" id="s1" name="Projeto-Final-Iqs">Projeto-Final-Iqs</stat>
<stat pass="1" fail="0" skip="0" id="s1-s1" name="Tests">Projeto-Final-Iqs.Tests</stat>
<stat pass="1" fail="0" skip="0" id="s1-s1-s1" name="Test Companys">Projeto-Final-Iqs.Tests.Test Companys</stat>
</suite>
</statistics>
<errors>
</errors>
</robot>
